<?xml version="1.0" encoding="UTF-8"?>
<!-- Generated by org.testng.reporters.JUnitReportReporter -->
<testsuite hostname="INDMR3KTG58FTQ" failures="0" tests="1" name="Resolve6.Demo1" time="0.001" errors="0" timestamp="2021-04-17T17:07:34 IST" skipped="0">
  <testcase classname="Resolve6.Demo1" name="demo1" time="0.001"/>
</testsuite> <!-- Resolve6.Demo1 -->
