<?xml version="1.0" encoding="UTF-8"?>
<!-- Generated by org.testng.reporters.JUnitReportReporter -->
<testsuite hostname="INDMR3KTG58FTQ" failures="0" tests="1" name="Resolve6.Demo3" time="0.000" errors="0" timestamp="2021-04-17T10:08:12 IST" skipped="0">
  <testcase classname="Resolve6.Demo3" name="demo3" time="0.000"/>
</testsuite> <!-- Resolve6.Demo3 -->
