<?xml version="1.0" encoding="UTF-8"?>
<!-- Generated by org.testng.reporters.JUnitReportReporter -->
<testsuite hostname="INDMR3KTG58FTQ" failures="0" tests="2" name="Resolve6.Search" time="2.596" errors="0" timestamp="2021-04-17T06:42:36 IST" skipped="0">
  <testcase classname="Resolve6.Search" name="pl" time="0.407"/>
  <testcase classname="Resolve6.Search" name="test" time="2.189"/>
</testsuite> <!-- Resolve6.Search -->
