<?xml version="1.0" encoding="UTF-8"?>
<!-- Generated by org.testng.reporters.JUnitReportReporter -->
<testsuite hostname="INDMR3KTG58FTQ" failures="0" tests="1" name="Resolve6.Demo1" time="0.016" errors="0" timestamp="2021-04-17T06:42:54 IST" skipped="0">
  <testcase classname="Resolve6.Demo1" name="demo1" time="0.016"/>
</testsuite> <!-- Resolve6.Demo1 -->
